<?xml version="1.0" encoding="UTF-8"?>
<!-- Generated by org.testng.reporters.JUnitReportReporter -->
<testsuite skipped="0" hostname="DESKTOP-1R8U0EG" name="BasicAuthTest" tests="1" failures="0" timestamp="14 May 2021 14:02:38 GMT" time="2.250" errors="0">
  <testcase name="BasicAuthTest" time="2.250" classname="BasicAuthTest"/>
</testsuite> <!-- BasicAuthTest -->
